GL_LOG_FILE log. local time Sun Mar 10 21:40:44 2019

starting GLFW 3.2.1 X11 GLX EGL clock_gettime /dev/js Xf86vm sharedrenderer: GeForce GTX 1060 with Max-Q Design/PCIe/SSE2
version: 4.6.0 NVIDIA 390.87
creating shader from shaders/test_vs.glsl...
shader compiled. index 1
creating shader from shaders/test_fs.glsl...
shader compiled. index 2
created programme 3. attaching shaders 1 and 2...
program 3 GL_VALIDATE_STATUS = GL_TRUE
creating shader from shaders/vs_floor.glsl...
shader compiled. index 4
creating shader from shaders/fs_floor.glsl...
shader compiled. index 5
created programme 6. attaching shaders 4 and 5...
program 6 GL_VALIDATE_STATUS = GL_TRUE
creating shader from shaders/vs_wall.glsl...
shader compiled. index 7
creating shader from shaders/fs_wall.glsl...
shader compiled. index 8
created programme 9. attaching shaders 7 and 8...
program 9 GL_VALIDATE_STATUS = GL_TRUE
creating shader from shaders/vs_rock.glsl...
shader compiled. index 10
creating shader from shaders/fs_rock.glsl...
shader compiled. index 11
created programme 12. attaching shaders 10 and 11...
program 12 GL_VALIDATE_STATUS = GL_TRUE
